# T6040 DockChannel-UART IRQ retest: TX BIT(2), RX BIT(1)
# Run: 2026-07-14
# Exact artifacts and approved MMIO boundary:
#   done/2026-07-14-t6040-dockchannel-irq-retest.md
#
# The target reached BusyBox and emitted the transcript below, proving TX with
# BIT(2). The host then sent exactly two approved short commands:
#   echo RX_BIT1_ONE\n
#   echo RX_BIT1_TWO\r
# Neither command was echoed or answered, and the captured log remained 2232
# bytes. The image was not retried. A sanctioned DebugUSB reboot restored a
# fresh m1n1 proxy.

Preparing to run next stage at 0x10010c00000...
USB0: shutdown
USB1: shutdown
USB2: shutdown
MMU: shutting down...
MMU: shutdown successful, clearing caches
Vectoring to next stage...

*** t6040 Linux DockChannel UART console alive ***
Linux (none) 7.2.0-rc2-ga24d55896396-dirty #2 SMP PREEMPT Tue Jul 14 12:11:01 UTC 2026 aarch64 GNU/Linux
[    0.175083] input: Apple DockChannel Keyboard as /devices/platform/soc/514600000.hid/0019:05AC:0359.0003/input/input1
[    0.175146] apple 0019:05AC:0359.0003: input: <UNKNOWN> HID v5.10 Keyboard [Apple DockChannel Keyboard] on 514600000.hid.2
[    0.175940] hid (null): invalid report_size 16384
[    0.175959] apple 0019:05AC:0359.0004: fixing up DockChannel report size
[    0.175970] apple 0019:05AC:0359.0004: device has no listeners, quitting
[    0.175971] apple 0019:05AC:0359.0004: hw start failed
[    0.175991] dockchannel-hid 514600000.hid: RTKit: syslog message: actuator_cr.c:84: Actuator interface configuration completed
[    0.176002] dockchannel-hid 514600000.hid: RTKit: syslog message: actuator.c:71: Actuator ready
[    0.176145] hid (null): invalid report_size 16384
[    0.176159] apple 0019:05AC:0359.0005: fixing up DockChannel report size
[    0.176169] apple 0019:05AC:0359.0005: device has no listeners, quitting
[    0.176169] apple 0019:05AC:0359.0005: hw start failed
[    0.176188] dockchannel-hid 514600000.hid: RTKit: syslog message: accel_cr.c:73: Accel interface configuration completed
[    0.176200] dockchannel-hid 514600000.hid: RTKit: syslog message: accel.c:71: Accel ready
[    0.176312] dockchannel-hid 514600000.hid: RTKit: syslog message: mtp_cr.c:268: MTP interface is ready
[    0.176322] dockchannel-hid 514600000.hid: RTKit: syslog message: mtp_cr.c:275: MTP management interface configuration completed
[    0.176336] hid (null): invalid report_size 16384
[    0.176350] apple 0019:05AC:0359.0006: fixing up DockChannel report size
[    0.176357] apple 0019:05AC:0359.0006: device has no listeners, quitting
[    0.176357] apple 0019:05AC:0359.0006: hw start failed
[dcuart] spawning shell on /dev/ttydc0


BusyBox v1.35.0 (Debian 1:1.35.0-4+deb12u1+b1) built-in shell (ash)
Enter 'help' for a list of built-in
