m1n1 base: 0x10004c38000
Fetching ADT (0x00094000 bytes)...
Setting boot args: "maxcpus=1 idle=nop nokaslr pd_ignore_unused clk_ignore_unused console=tty0 fbcon=font:TER16x32 ignore_loglevel rdinit=/init"
Loading DTB to 0x1000fa14200...
Kernel_base: 0x1000fc00000
Loading 988282 initramfs bytes to 0x1000fa30000...
.........................................................................................................................
TTY> cpufreq: Initializing clusters
TTY> Starting secondary CPUs...
TTY> smp: broken wfi on this SoC, parking secondaries in wfe
TTY> Starting CPU 0 (0:0:0)... *
TTY>   Stack base: 0x10007914000
TTY> *  MPIDR: 0x80000000
TTY> *  CPU part: 0x54 rev: 0x11
TTY> *  CPU: M4 Pro Brava Chop (E core)
TTY> *  Running in EL2
TTY> 
TTY> *  Index: 0 (table: 0x10004d15290)
TTY> 
TTY>   Started.
TTY> Starting CPU 1 (0:0:1)... *
TTY>   Stack base: 0x10007928000
TTY> *  MPIDR: 0x80000001
TTY> *  CPU part: 0x54 rev: 0x11
TTY> *  CPU: M4 Pro Brava Chop (E core)
TTY> *  Running in EL2
TTY> 
TTY> *  Index: 1 (table: 0x10004d152d0)
TTY> 
TTY>   Started.
TTY> Starting CPU 2 (0:0:2)... *
TTY>   Stack base: 0x1000793c000
TTY> *  MPIDR: 0x80000002
TTY> *  CPU part: 0x54 rev: 0x11
TTY> *  CPU: M4 Pro Brava Chop (E core)
TTY> *  Running in EL2
TTY> 
TTY> *  Index: 2 (table: 0x10004d15310)
TTY> 
TTY>   Started.
TTY> Starting CPU 3 (0:0:3)... *
TTY>   Stack base: 0x10007950000
TTY> *  MPIDR: 0x80000003
TTY> *  CPU part: 0x54 rev: 0x11
TTY> *  CPU: M4 Pro Brava Chop (E core)
TTY> *  Running in EL2
TTY> 
TTY> *  Index: 3 (table: 0x10004d15350)
TTY> 
TTY>   Started.
TTY> Starting CPU 5 (0:1:1)... *
TTY>   Stack base: 0x10007964000
TTY> *  MPIDR: 0x80010101
TTY> *  CPU part: 0x55 rev: 0x11
TTY> *  CPU: M4 Pro Brava Chop (P core)
TTY> *  Running in EL2
TTY> 
TTY> *  Index: 5 (table: 0x10004d153d0)
TTY> 
TTY>   Started.
TTY> Starting CPU 6 (0:1:2)... *
TTY>   Stack base: 0x10007978000
TTY> *  MPIDR: 0x80010102
TTY> *  CPU part: 0x55 rev: 0x11
TTY> *  CPU: M4 Pro Brava Chop (P core)
TTY> *  Running in EL2
TTY> 
TTY> *  Index: 6 (table: 0x10004d15410)
TTY> 
TTY>   Started.
TTY> Starting CPU 7 (0:1:3)... *
TTY>   Stack base: 0x1000798c000
TTY> *  MPIDR: 0x80010103
TTY> *  CPU part: 0x55 rev: 0x11
TTY> *  CPU: M4 Pro Brava Chop (P core)
TTY> *  Running in EL2
TTY> 
TTY> *  Index: 7 (table: 0x10004d15450)
TTY> 
TTY>   Started.
TTY> Starting CPU 8 (0:1:4)... *
TTY>   Stack base: 0x100079a0000
TTY> *  MPIDR: 0x80010104
TTY> *  CPU part: 0x55 rev: 0x11
TTY> *  CPU: M4 Pro Brava Chop (P core)
TTY> *  Running in EL2
TTY> 
TTY> *  Index: 8 (table: 0x10004d15490)
TTY> 
TTY>   Started.
TTY> Starting CPU 10 (0:2:0)... *
TTY>   Stack base: 0x100079b4000
TTY> *  MPIDR: 0x80010200
TTY> *  CPU part: 0x55 rev: 0x11
TTY> *  CPU: M4 Pro Brava Chop (P core)
TTY> *  Running in EL2
TTY> 
TTY> *  Index: 10 (table: 0x10004d15510)
TTY> 
TTY>   Started.
TTY> Starting CPU 11 (0:2:1)... *
TTY>   Stack base: 0x100079c8000
TTY> *  MPIDR: 0x80010201
TTY> *  CPU part: 0x55 rev: 0x11
TTY> *  CPU: M4 Pro Brava Chop (P core)
TTY> *  Running in EL2
TTY> 
TTY> *  Index: 11 (table: 0x10004d15550)
TTY> 
TTY>   Started.
TTY> Starting CPU 12 (0:2:2)... *
TTY>   Stack base: 0x100079dc000
TTY> *  MPIDR: 0x80010202
TTY> *  CPU part: 0x55 rev: 0x11
TTY> *  CPU: M4 Pro Brava Chop (P core)
TTY> *  Running in EL2
TTY> 
TTY> *  Index: 12 (table: 0x10004d15590)
TTY> 
TTY>   Started.
TTY> Starting CPU 13 (0:2:3)... *
TTY>   Stack base: 0x100079f0000
TTY> *  MPIDR: 0x80010203
TTY> *  CPU part: 0x55 rev: 0x11
TTY> *  CPU: M4 Pro Brava Chop (P core)
TTY> *  Running in EL2
TTY> 
TTY> *  Index: 13 (table: 0x10004d155d0)
TTY> 
TTY>   Started.
TTY> Starting CPU 14 (0:2:4)... *
TTY>   Stack base: 0x10007a04000
TTY> *  MPIDR: 0x80010204
TTY> *  CPU part: 0x55 rev: 0x11
TTY> *  CPU: M4 Pro Brava Chop (P core)
TTY> *  Running in EL2
TTY> 
TTY> *  Index: 14 (table: 0x10004d15610)
TTY> 
TTY>   Started.
TTY> isp: Unsupported SoC
TTY> FDT: bootargs = 'maxcpus=1 idle=nop nokaslr pd_ignore_unused clk_ignore_unused console=tty0 fbcon=font:TER16x32 ignore_loglevel rdinit=/init'
TTY> FDT: initrd at 0x1000fa30000 size 0xf147a
TTY> display: Hiding notch, 3024x1964 -> 3024x1890 (+74, 16:10)
TTY> FDT: framebuffer@105d306a880 base 0x105d306a880 size 0x15cd680
TTY> SEP: couldn't get enough random bytes for KASLR seed
TTY> ADT: 256 bytes of random seed available
TTY> FDT: KASLR seed initialized
TTY> FDT: Passing 256 bytes of random seed
TTY> FDT: reporting device serial number: J22GYCN4YG
TTY> FDT: Reserving stack for CPU 0 0x10007904000
TTY> FDT: CPU 0 MPIDR=0x0 release-addr=0x10004d152a0
TTY> FDT: Reserving stack for CPU 1 0x10007918000
TTY> FDT: CPU 1 MPIDR=0x1 release-addr=0x10004d152e0
TTY> FDT: Reserving stack for CPU 2 0x1000792c000
TTY> FDT: CPU 2 MPIDR=0x2 release-addr=0x10004d15320
TTY> FDT: Reserving stack for CPU 3 0x10007940000
TTY> FDT: CPU 3 MPIDR=0x3 release-addr=0x10004d15360
TTY> FDT: Reserving stack for CPU 5 0x10007954000
TTY> FDT: CPU 5 MPIDR=0x10101 release-addr=0x10004d153e0
TTY> FDT: Reserving stack for CPU 6 0x10007968000
TTY> FDT: CPU 6 MPIDR=0x10102 release-addr=0x10004d15420
TTY> FDT: Reserving stack for CPU 7 0x1000797c000
TTY> FDT: CPU 7 MPIDR=0x10103 release-addr=0x10004d15460
TTY> FDT: Reserving stack for CPU 8 0x10007990000
TTY> FDT: CPU 8 MPIDR=0x10104 release-addr=0x10004d154a0
TTY> FDT: CPU 9 is not alive, disabling...
TTY> FDT: Reserving stack for CPU 10 0x100079a4000
TTY> FDT: CPU 10 MPIDR=0x10200 release-addr=0x10004d15520
TTY> FDT: Reserving stack for CPU 11 0x100079b8000
TTY> FDT: CPU 11 MPIDR=0x10201 release-addr=0x10004d15560
TTY> FDT: Reserving stack for CPU 12 0x100079cc000
TTY> FDT: CPU 12 MPIDR=0x10202 release-addr=0x10004d155a0
TTY> FDT: Reserving stack for CPU 13 0x100079e0000
TTY> FDT: CPU 13 MPIDR=0x10203 release-addr=0x10004d155e0
TTY> FDT: Reserving stack for CPU 14 0x100079f4000
TTY> FDT: CPU 14 MPIDR=0x10204 release-addr=0x10004d15620
TTY> FDT: Failed to find AIC affinities node, ignoring...
TTY> FDT: Unable to find alias atcphy0
TTY> FDT: Unable to find alias atcphy1
TTY> FDT: Unable to find alias atcphy2
TTY> FDT: Unable to find alias atcphy3
TTY> FDT: Unable to find alias usb4_0_rc
TTY> FDT: Unable to find alias usb4_0_pcie_adapter
TTY> FDT: Unable to find alias usb4_0_nhi
TTY> FDT: Unable to find alias usb4_0_nhi
TTY> FDT: Unable to find alias usb4_1_rc
TTY> FDT: Unable to find alias usb4_1_pcie_adapter
TTY> FDT: Unable to find alias usb4_1_nhi
TTY> FDT: Unable to find alias usb4_1_nhi
TTY> FDT: Unable to find alias usb4_2_rc
TTY> FDT: Unable to find alias usb4_2_pcie_adapter
TTY> FDT: Unable to find alias usb4_2_nhi
TTY> FDT: Unable to find alias usb4_2_nhi
TTY> FDT: Unable to find alias usb4_0_pcie
TTY> FDT: Unable to find alias usb4_1_pcie
TTY> FDT: Unable to find alias usb4_2_pcie
TTY> FDT: GPU: Initializing GPU info
TTY> ADT: GPU: unsupported chip!
TTY> FDT: sep alias not found in devtree
TTY> FDT: pmp not found in devtree
TTY> ADT: nvram partition not found
TTY> FDT: 'isp' not found
TTY> FDT: 'isp' not found
TTY> FDT: DRAM at 0x10000000000 size 0x600000000
TTY> FDT: Usable memory is 0x100032a8000..0x105ce7a0000 (0x5cb4f8000)
TTY> FDT: Adding reserved-memory node flash@105ce7a4000 (105ce7a4000..105ce7a8000) to RAM map
TTY> FDT prepared at 0x10007a08000
Loading 51718656 bytes to 0x1000fc00000..0x10012d52a00...
..........................................................................................................................................................................................................................................................................................................................................................................................................................................................................................................................................................................................................................................................................................................................................................................................................................................................................................................................................................................................................................................................................................................................................................................................................................................................................................................................................................................................................................................................................................................................................................................................................................................................................................................................................................................................................................................................................................................................................................................................................................................................................................................................................................................................................................................................................................................................................................................................................................................................................................................................................................................................................................................................................................................................................................................................................................................................................................................................................................................................................................................................................................................................................................................................................................................................................................................................................................................................................................................................................................................................................................................................................................................................................................................................................................................................................................................................................................................................................................................................................................................................................................................................................................................................................................................................................................................................................................................................................................................................................................................................................................................................................................................................................................................................................................................................................................................................................................................................................................................................................................................................................................................................................................................................................................................................................................................................................................................................................................................................................................................................................................................................................................................................................................................................................................................................................................................................................................................................................................................................................................................................................................................................................................................................................................................................................................................................................................................................................................................................................................................................................................................
51718656
Decompress OK...
Ready to boot
DAIF: c0
TTY> MCC: System level cache enabled
TTY> mca-switch node not found!
TTY> pcie: Error getting node /arm-io/apcie
TTY> pcie: Initializing t6040 PCIe controller
TTY> pcie: ADT uses 7 reg entries per port
TTY> pcie: No common tunables
Traceback (most recent call last):
  File "/Users/damsleth/Code/m1n1/proxyclient/tools/linux.py", line 165, in <module>
    p.kboot_boot(boot_addr)
    ~~~~~~~~~~~~^^^^^^^^^^^
  File "/Users/damsleth/Code/m1n1/proxyclient/m1n1/proxy.py", line 1070, in kboot_boot
    self.request(self.P_KBOOT_BOOT, kernel)
    ~~~~~~~~~~~~^^^^^^^^^^^^^^^^^^^^^^^^^^^
  File "/Users/damsleth/Code/m1n1/proxyclient/m1n1/proxy.py", line 753, in request
    return self._request(opcode, *args2, **kwargs)
           ~~~~~~~~~~~~~^^^^^^^^^^^^^^^^^^^^^^^^^^
  File "/Users/damsleth/Code/m1n1/proxyclient/m1n1/proxy.py", line 717, in _request
    reply = self.iface.proxyreq(req, reboot=reboot, no_reply=no_reply, pre_reply=None)
  File "/Users/damsleth/Code/m1n1/proxyclient/m1n1/proxy.py", line 404, in proxyreq
    return self.reply(self.REQ_PROXY)
           ~~~~~~~~~~^^^^^^^^^^^^^^^^
  File "/Users/damsleth/Code/m1n1/proxyclient/m1n1/proxy.py", line 275, in reply
    reply += self.readfull(1)
             ~~~~~~~~~~~~~^^^
  File "/Users/damsleth/Code/m1n1/proxyclient/m1n1/proxy.py", line 214, in readfull
    raise UartTimeout("Expected %d bytes, got %d bytes"%(size,len(d)))
m1n1.proxy.UartTimeout: Expected 1 bytes, got 0 bytes
