T6040 J614s post-ANS NVMe setup trace at ADT-translated addresses
2026-07-13, Linux build #27

__INITTRACE_CORE_BEGIN__
__INITTRACE_CORE_RC__0
__INITTRACE_APPLE_BEGIN__
<4>[   63.750356] nvme-apple 40dcc0000.nvme: trace: platform probe entered
<4>[   64.480589] nvme-apple 40dcc0000.nvme: trace: NVMe controller object initialized
<4>[   66.164578] nvme-apple 40dcc0000.nvme: trace: PMGR force-active begin
<4>[   66.268641] nvme-apple 40dcc0000.nvme: trace: PMGR apcie_sys_st0 forced to actual active
<4>[   66.372622] nvme-apple 40dcc0000.nvme: trace: PMGR apcie_sys_st1 forced to actual active
<4>[   66.480603] nvme-apple 40dcc0000.nvme: trace: PMGR apcie_phy_sw forced to actual active
<4>[   66.584575] nvme-apple 40dcc0000.nvme: trace: PMGR force-active complete
<4>[   67.108582] nvme-apple 40dcc0000.nvme: trace: PMGR apcie_phy_sw offset 0x398 raw 0x0f0002ff target 0xf actual 0xf auto 0 reset 0
<4>[   67.212589] nvme-apple 40dcc0000.nvme: trace: PMGR apcie_sys_st0 offset 0x380 raw 0x0f0003ff target 0xf actual 0xf auto 0 reset 0
<4>[   67.740582] nvme-apple 40dcc0000.nvme: trace: PMGR apcie_sys_st1 offset 0x388 raw 0x0f0003ff target 0xf actual 0xf auto 0 reset 0
<4>[   68.264578] nvme-apple 40dcc0000.nvme: trace: PMGR force-active verified; continuing to controller reset work
<4>[   68.368683] nvme-apple 40dcc0000.nvme: trace: reset work queued
<4>[   68.369537] nvme-apple 40dcc0000.nvme: trace: reset work entered
<4>[   68.472585] nvme-apple 40dcc0000.nvme: trace: before ANS CPU control read
<4>[   68.577558] apple-sart 40dc50000.iommu: trace: add allowed region begin
<4>[   68.680576] apple-sart 40dc50000.iommu: trace: CoastGuard activate begin
<4>[   68.784678] apple-sart 40dc50000.iommu: trace: CoastGuard activate complete
<4>[   68.785605] apple-sart 40dc50000.iommu: trace: SART entry scan begin
<4>[   68.786255] apple-sart 40dc50000.iommu: trace: SART entry scan complete
<4>[   68.996602] nvme-apple 40dcc0000.nvme: trace: ANS RTKit boot returned
<4>[   69.100575] nvme-apple 40dcc0000.nvme: trace: before ANS boot status read
<4>[   69.204576] nvme-apple 40dcc0000.nvme: trace: ANS boot status ready
<4>[   69.308587] nvme-apple 40dcc0000.nvme: trace: before linear queue and NVMMU setup

No `linear queue and NVMMU setup complete`, module-return marker, or shell
marker followed. The next operation in the unchanged fallback driver is the
first write to legacy APPLE_ANS_LINEAR_SQ_CTRL at NVMe offset 0x24908. No
user-issued NVMe, namespace, filesystem, or storage command occurred.
