m1n1 base: 0x10004934000
Fetching ADT (0x00094000 bytes)...
Setting boot args: "maxcpus=1 idle=nop nokaslr pd_ignore_unused clk_ignore_unused console=tty0 fbcon=font:TER16x32 ignore_loglevel rdinit=/init"
Loading DTB to 0x1000f710200...
Kernel_base: 0x1000f800000
Loading 988282 initramfs bytes to 0x1002f800000...
.........................................................................................................................
TTY> cpufreq: Initializing clusters
TTY> Starting secondary CPUs...
TTY> smp: broken wfi on this SoC, parking secondaries in wfe
TTY> Starting CPU 0 (0:0:0)... *
TTY>   Stack base: 0x10007610000
TTY> *  MPIDR: 0x80000000
TTY> *  CPU part: 0x54 rev: 0x11
TTY> *  CPU: M4 Pro Brava Chop (E core)
TTY> *  Running in EL2
TTY> 
TTY> *  Index: 0 (table: 0x10004a11290)
TTY> 
TTY>   Started.
TTY> Starting CPU 1 (0:0:1)... *
TTY>   Stack base: 0x10007624000
TTY> *  MPIDR: 0x80000001
TTY> *  CPU part: 0x54 rev: 0x11
TTY> *  CPU: M4 Pro Brava Chop (E core)
TTY> *  Running in EL2
TTY> 
TTY> *  Index: 1 (table: 0x10004a112d0)
TTY> 
TTY>   Started.
TTY> Starting CPU 2 (0:0:2)... *
TTY>   Stack base: 0x10007638000
TTY> *  MPIDR: 0x80000002
TTY> *  CPU part: 0x54 rev: 0x11
TTY> *  CPU: M4 Pro Brava Chop (E core)
TTY> *  Running in EL2
TTY> 
TTY> *  Index: 2 (table: 0x10004a11310)
TTY> 
TTY>   Started.
TTY> Starting CPU 3 (0:0:3)... *
TTY>   Stack base: 0x1000764c000
TTY> *  MPIDR: 0x80000003
TTY> *  CPU part: 0x54 rev: 0x11
TTY> *  CPU: M4 Pro Brava Chop (E core)
TTY> *  Running in EL2
TTY> 
TTY> *  Index: 3 (table: 0x10004a11350)
TTY> 
TTY>   Started.
TTY> Starting CPU 5 (0:1:1)... *
TTY>   Stack base: 0x10007660000
TTY> *  MPIDR: 0x80010101
TTY> *  CPU part: 0x55 rev: 0x11
TTY> *  CPU: M4 Pro Brava Chop (P core)
TTY> *  Running in EL2
TTY> 
TTY> *  Index: 5 (table: 0x10004a113d0)
TTY> 
TTY>   Started.
TTY> Starting CPU 6 (0:1:2)... *
TTY>   Stack base: 0x10007674000
TTY> *  MPIDR: 0x80010102
TTY> *  CPU part: 0x55 rev: 0x11
TTY> *  CPU: M4 Pro Brava Chop (P core)
TTY> *  Running in EL2
TTY> 
TTY> *  Index: 6 (table: 0x10004a11410)
TTY> 
TTY>   Started.
TTY> Starting CPU 7 (0:1:3)... *
TTY>   Stack base: 0x10007688000
TTY> *  MPIDR: 0x80010103
TTY> *  CPU part: 0x55 rev: 0x11
TTY> *  CPU: M4 Pro Brava Chop (P core)
TTY> *  Running in EL2
TTY> 
TTY> *  Index: 7 (table: 0x10004a11450)
TTY> 
TTY>   Started.
TTY> Starting CPU 8 (0:1:4)... *
TTY>   Stack base: 0x1000769c000
TTY> *  MPIDR: 0x80010104
TTY> *  CPU part: 0x55 rev: 0x11
TTY> *  CPU: M4 Pro Brava Chop (P core)
TTY> *  Running in EL2
TTY> 
TTY> *  Index: 8 (table: 0x10004a11490)
TTY> 
TTY>   Started.
TTY> Starting CPU 10 (0:2:0)... *
TTY>   Stack base: 0x100076b0000
TTY> *  MPIDR: 0x80010200
TTY> *  CPU part: 0x55 rev: 0x11
TTY> *  CPU: M4 Pro Brava Chop (P core)
TTY> *  Running in EL2
TTY> 
TTY> *  Index: 10 (table: 0x10004a11510)
TTY> 
TTY>   Started.
TTY> Starting CPU 11 (0:2:1)... *
TTY>   Stack base: 0x100076c4000
TTY> *  MPIDR: 0x80010201
TTY> *  CPU part: 0x55 rev: 0x11
TTY> *  CPU: M4 Pro Brava Chop (P core)
TTY> *  Running in EL2
TTY> 
TTY> *  Index: 11 (table: 0x10004a11550)
TTY> 
TTY>   Started.
TTY> Starting CPU 12 (0:2:2)... *
TTY>   Stack base: 0x100076d8000
TTY> *  MPIDR: 0x80010202
TTY> *  CPU part: 0x55 rev: 0x11
TTY> *  CPU: M4 Pro Brava Chop (P core)
TTY> *  Running in EL2
TTY> 
TTY> *  Index: 12 (table: 0x10004a11590)
TTY> 
TTY>   Started.
TTY> Starting CPU 13 (0:2:3)... *
TTY>   Stack base: 0x100076ec000
TTY> *  MPIDR: 0x80010203
TTY> *  CPU part: 0x55 rev: 0x11
TTY> *  CPU: M4 Pro Brava Chop (P core)
TTY> *  Running in EL2
TTY> 
TTY> *  Index: 13 (table: 0x10004a115d0)
TTY> 
TTY>   Started.
TTY> Starting CPU 14 (0:2:4)... *
TTY>   Stack base: 0x10007700000
TTY> *  MPIDR: 0x80010204
TTY> *  CPU part: 0x55 rev: 0x11
TTY> *  CPU: M4 Pro Brava Chop (P core)
TTY> *  Running in EL2
TTY> 
TTY> *  Index: 14 (table: 0x10004a11610)
TTY> 
TTY>   Started.
TTY> isp: Unsupported SoC
TTY> FDT: bootargs = 'maxcpus=1 idle=nop nokaslr pd_ignore_unused clk_ignore_unused console=tty0 fbcon=font:TER16x32 ignore_loglevel rdinit=/init'
TTY> FDT: initrd at 0x1002f800000 size 0xf147a
TTY> display: Hiding notch, 3024x1964 -> 3024x1890 (+74, 16:10)
TTY> FDT: framebuffer@105d306a880 base 0x105d306a880 size 0x15cd680
TTY> SEP: couldn't get enough random bytes for KASLR seed
TTY> ADT: 256 bytes of random seed available
TTY> FDT: KASLR seed initialized
TTY> FDT: Passing 256 bytes of random seed
TTY> FDT: reporting device serial number: J22GYCN4YG
TTY> FDT: Reserving stack for CPU 0 0x10007600000
TTY> FDT: CPU 0 MPIDR=0x0 release-addr=0x10004a112a0
TTY> FDT: Reserving stack for CPU 1 0x10007614000
TTY> FDT: CPU 1 MPIDR=0x1 release-addr=0x10004a112e0
TTY> FDT: Reserving stack for CPU 2 0x10007628000
TTY> FDT: CPU 2 MPIDR=0x2 release-addr=0x10004a11320
TTY> FDT: Reserving stack for CPU 3 0x1000763c000
TTY> FDT: CPU 3 MPIDR=0x3 release-addr=0x10004a11360
TTY> FDT: Reserving stack for CPU 5 0x10007650000
TTY> FDT: CPU 5 MPIDR=0x10101 release-addr=0x10004a113e0
TTY> FDT: Reserving stack for CPU 6 0x10007664000
TTY> FDT: CPU 6 MPIDR=0x10102 release-addr=0x10004a11420
TTY> FDT: Reserving stack for CPU 7 0x10007678000
TTY> FDT: CPU 7 MPIDR=0x10103 release-addr=0x10004a11460
TTY> FDT: Reserving stack for CPU 8 0x1000768c000
TTY> FDT: CPU 8 MPIDR=0x10104 release-addr=0x10004a114a0
TTY> FDT: CPU 9 is not alive, disabling...
TTY> FDT: Reserving stack for CPU 10 0x100076a0000
TTY> FDT: CPU 10 MPIDR=0x10200 release-addr=0x10004a11520
TTY> FDT: Reserving stack for CPU 11 0x100076b4000
TTY> FDT: CPU 11 MPIDR=0x10201 release-addr=0x10004a11560
TTY> FDT: Reserving stack for CPU 12 0x100076c8000
TTY> FDT: CPU 12 MPIDR=0x10202 release-addr=0x10004a115a0
TTY> FDT: Reserving stack for CPU 13 0x100076dc000
TTY> FDT: CPU 13 MPIDR=0x10203 release-addr=0x10004a115e0
TTY> FDT: Reserving stack for CPU 14 0x100076f0000
TTY> FDT: CPU 14 MPIDR=0x10204 release-addr=0x10004a11620
TTY> FDT: Failed to find AIC affinities node, ignoring...
TTY> FDT: Unable to find alias atcphy0
TTY> FDT: Unable to find alias atcphy1
TTY> FDT: Unable to find alias atcphy2
TTY> FDT: Unable to find alias atcphy3
TTY> FDT: Unable to find alias usb4_0_rc
TTY> FDT: Unable to find alias usb4_0_pcie_adapter
TTY> FDT: Unable to find alias usb4_0_nhi
TTY> FDT: Unable to find alias usb4_0_nhi
TTY> FDT: Unable to find alias usb4_1_rc
TTY> FDT: Unable to find alias usb4_1_pcie_adapter
TTY> FDT: Unable to find alias usb4_1_nhi
TTY> FDT: Unable to find alias usb4_1_nhi
TTY> FDT: Unable to find alias usb4_2_rc
TTY> FDT: Unable to find alias usb4_2_pcie_adapter
TTY> FDT: Unable to find alias usb4_2_nhi
TTY> FDT: Unable to find alias usb4_2_nhi
TTY> FDT: Unable to find alias usb4_0_pcie
TTY> FDT: Unable to find alias usb4_1_pcie
TTY> FDT: Unable to find alias usb4_2_pcie
TTY> FDT: GPU: Initializing GPU info
TTY> ADT: GPU: unsupported chip!
TTY> FDT: sep alias not found in devtree
TTY> FDT: pmp not found in devtree
TTY> ADT: nvram partition not found
TTY> FDT: 'isp' not found
TTY> FDT: 'isp' not found
TTY> FDT: DRAM at 0x10000000000 size 0x600000000
TTY> FDT: Usable memory is 0x100032a8000..0x105ce7a0000 (0x5cb4f8000)
TTY> FDT: Adding reserved-memory node flash@105ce7a4000 (105ce7a4000..105ce7a8000) to RAM map
TTY> FDT prepared at 0x10007704000
Loading 51718656 bytes to 0x1000f800000..0x10012952a00...
..........................................................................................................................................................................................................................................................................................................................................................................................................................................................................................................................................................................................................................................................................................................................................................................................................................................................................................................................................................................................................................................................................................................................................................................................................................................................................................................................................................................................................................................................................................................................................................................................................................................................................................................................................................................................................................................................................................................................................................................................................................................................................................................................................................................................................................................................................................................................................................................................................................................................................................................................................................................................................................................................................................................................................................................................................................................................................................................................................................................................................................................................................................................................................................................................................................................................................................................................................................................................................................................................................................................................................................................................................................................................................................................................................................................................................................................................................................................................................................................................................................................................................................................................................................................................................................................................................................................................................................................................................................................................................................................................................................................................................................................................................................................................................................................................................................................................................................................................................................................................................................................................................................................................................................................................................................................................................................................................................................................................................................................................................................................................................................................................................................................................................................................................................................................................................................................................................................................................................................................................................................................................................................................................................................................................................................................................................................................................................................................................................................................................................................................................................................................
51718656
Decompress OK...
Ready to boot
DAIF: c0
TTY> MCC: System level cache enabled
TTY> mca-switch node not found!
TTY> pcie: Error getting node /arm-io/apcie
TTY> pcie: Initializing t6040 PCIe controller
TTY> pcie: ADT uses 7 reg entries per port
TTY> tunable: apcie-axi2af-tunables[0] addr=0x416000000 size=4 mask=0x800000ff value=0x80000022
TTY> tunable: apcie-axi2af-tunables[0] done
TTY> tunable: apcie-axi2af-tunables[1] addr=0x416000004 size=4 mask=0x80ff00ff value=0x80220003
TTY> tunable: apcie-axi2af-tunables[1] done
TTY> tunable: apcie-axi2af-tunables[2] addr=0x416000008 size=4 mask=0x80ff00ff value=0x80220003
TTY> tunable: apcie-axi2af-tunables[2] done
TTY> tunable: apcie-axi2af-tunables[3] addr=0x41600000c size=4 mask=0x80ff00ff value=0x80220003
TTY> tunable: apcie-axi2af-tunables[3] done
TTY> tunable: apcie-axi2af-tunables[4] addr=0x416000010 size=4 mask=0x80ff00ff value=0x80220003
TTY> tunable: apcie-axi2af-tunables[4] done
TTY> tunable: apcie-axi2af-tunables[5] addr=0x416000014 size=4 mask=0x80ff00ff value=0x80220003
TTY> tunable: apcie-axi2af-tunables[5] done
TTY> tunable: apcie-axi2af-tunables[6] addr=0x416000018 size=4 mask=0x80ff00ff value=0x80220003
TTY> tunable: apcie-axi2af-tunables[6] done
TTY> tunable: apcie-axi2af-tunables[7] addr=0x41600001c size=4 mask=0x800000ff value=0x8000001c
TTY> tunable: apcie-axi2af-tunables[7] done
TTY> tunable: apcie-axi2af-tunables[8] addr=0x416000020 size=4 mask=0x800000ff value=0x80000088
TTY> tunable: apcie-axi2af-tunables[8] done
TTY> tunable: apcie-axi2af-tunables[9] addr=0x416000024 size=4 mask=0x80ff00ff value=0x8088000c
TTY> tunable: apcie-axi2af-tunables[9] done
TTY> tunable: apcie-axi2af-tunables[10] addr=0x416000028 size=4 mask=0x80ff00ff value=0x8088000c
TTY> tunable: apcie-axi2af-tunables[10] done
TTY> tunable: apcie-axi2af-tunables[11] addr=0x41600002c size=4 mask=0x80ff00ff value=0x80200008
TTY> tunable: apcie-axi2af-tunables[11] done
TTY> tunable: apcie-axi2af-tunables[12] addr=0x416000030 size=4 mask=0x80ff00ff value=0x8088000c
TTY> tunable: apcie-axi2af-tunables[12] done
TTY> tunable: apcie-axi2af-tunables[13] addr=0x416000034 size=4 mask=0x80ff00ff value=0x8088000c
TTY> tunable: apcie-axi2af-tunables[13] done
TTY> tunable: apcie-axi2af-tunables[14] addr=0x416000038 size=4 mask=0x800000ff value=0x8000001c
TTY> tunable: apcie-axi2af-tunables[14] done
TTY> tunable: apcie-axi2af-tunables[15] addr=0x41600003c size=4 mask=0x800000ff value=0x8000001c
TTY> tunable: apcie-axi2af-tunables[15] done
TTY> tunable: apcie-axi2af-tunables[16] addr=0x416000040 size=4 mask=0x800000ff value=0x8000001c
TTY> tunable: apcie-axi2af-tunables[16] done
TTY> tunable: apcie-axi2af-tunables[17] addr=0x416000100 size=4 mask=0xff value=0xff
TTY> tunable: apcie-axi2af-tunables[17] done
TTY> tunable: apcie-axi2af-tunables[18] addr=0x416000108 size=4 mask=0xffff0006 value=0x100000
TTY> tunable: apcie-axi2af-tunables[18] done
TTY> tunable: apcie-axi2af-tunables[19] addr=0x416000304 size=4 mask=0x3f3f0000 value=0x8080000
TTY> tunable: apcie-axi2af-tunables[19] done
TTY> tunable: apcie-axi2af-tunables[20] addr=0x416000308 size=4 mask=0xfffff value=0x1681
TTY> tunable: apcie-axi2af-tunables[20] done
TTY> tunable: apcie-axi2af-tunables[21] addr=0x41600030c size=4 mask=0xfffff value=0x1680
TTY> tunable: apcie-axi2af-tunables[21] done
TTY> tunable: apcie-axi2af-tunables[22] addr=0x416000310 size=4 mask=0x70000fff value=0x1e0
TTY> tunable: apcie-axi2af-tunables[22] done
TTY> tunable: apcie-axi2af-tunables[23] addr=0x416000314 size=4 mask=0xf0000fff value=0x800001e0
TTY> tunable: apcie-axi2af-tunables[23] done
TTY> tunable: apcie-axi2af-tunables[24] addr=0x416000318 size=4 mask=0x70000fff value=0x5a0
TTY> tunable: apcie-axi2af-tunables[24] done
TTY> tunable: apcie-axi2af-tunables[25] addr=0x41600031c size=4 mask=0xf0000fff value=0x800005a0
TTY> tunable: apcie-axi2af-tunables[25] done
TTY> tunable: apcie-axi2af-tunables[26] addr=0x416000320 size=4 mask=0x70000fff value=0x5a0
TTY> tunable: apcie-axi2af-tunables[26] done
TTY> tunable: apcie-axi2af-tunables[27] addr=0x416000324 size=4 mask=0xf0000fff value=0x800005a0
TTY> tunable: apcie-axi2af-tunables[27] done
TTY> tunable: apcie-axi2af-tunables[28] addr=0x416000328 size=4 mask=0x70000fff value=0x5a0
TTY> tunable: apcie-axi2af-tunables[28] done
TTY> tunable: apcie-axi2af-tunables[29] addr=0x41600032c size=4 mask=0x70000fff value=0x5a0
TTY> tunable: apcie-axi2af-tunables[29] done
TTY> tunable: apcie-axi2af-tunables[30] addr=0x416000330 size=4 mask=0x70000fff value=0x5a0
TTY> tunable: apcie-axi2af-tunables[30] done
TTY> tunable: apcie-axi2af-tunables[31] addr=0x416000334 size=4 mask=0x70000fff value=0x5a0
TTY> tunable: apcie-axi2af-tunables[31] done
TTY> tunable: apcie-axi2af-tunables[32] addr=0x416000338 size=4 mask=0x70000fff value=0x5a0
TTY> tunable: apcie-axi2af-tunables[32] done
TTY> tunable: apcie-axi2af-tunables[33] addr=0x41600033c size=4 mask=0x70000fff value=0x5a0
TTY> tunable: apcie-axi2af-tunables[33] done
TTY> tunable: apcie-axi2af-tunables[34] addr=0x416000340 size=4 mask=0x70000fff value=0x5a0
TTY> tunable: apcie-axi2af-tunables[34] done
TTY> tunable: apcie-axi2af-tunables[35] addr=0x416000348 size=4 mask=0xffffffff value=0xffff
TTY> tunable: apcie-axi2af-tunables[35] done
TTY> tunable: apcie-axi2af-tunables[36] addr=0x41600034c size=4 mask=0xffffffff value=0xffff
TTY> tunable: apcie-axi2af-tunables[36] done
TTY> tunable: apcie-axi2af-tunables[37] addr=0x416000408 size=4 mask=0xffff0020 value=0x1f0020
TTY> tunable: apcie-axi2af-tunables[37] done
TTY> tunable: apcie-axi2af-tunables[38] addr=0x41600040c size=4 mask=0xfffff value=0x1681
TTY> tunable: apcie-axi2af-tunables[38] done
TTY> tunable: apcie-axi2af-tunables[39] addr=0x416000410 size=4 mask=0xfffff value=0x1680
TTY> tunable: apcie-axi2af-tunables[39] done
TTY> tunable: apcie-axi2af-tunables[40] addr=0x416000414 size=4 mask=0x70000fff value=0x1e0
TTY> tunable: apcie-axi2af-tunables[40] done
TTY> tunable: apcie-axi2af-tunables[41] addr=0x416000418 size=4 mask=0x70000fff value=0x1e0
TTY> tunable: apcie-axi2af-tunables[41] done
TTY> tunable: apcie-axi2af-tunables[42] addr=0x41600041c size=4 mask=0x70000fff value=0x5a0
TTY> tunable: apcie-axi2af-tunables[42] done
TTY> tunable: apcie-axi2af-tunables[43] addr=0x416000420 size=4 mask=0x70000fff value=0x5a0
TTY> tunable: apcie-axi2af-tunables[43] done
TTY> tunable: apcie-axi2af-tunables[44] addr=0x416000424 size=4 mask=0x70000fff value=0x5a0
TTY> tunable: apcie-axi2af-tunables[44] done
TTY> tunable: apcie-axi2af-tunables[45] addr=0x416000428 size=4 mask=0x70000fff value=0x5a0
TTY> tunable: apcie-axi2af-tunables[45] done
TTY> tunable: apcie-axi2af-tunables[46] addr=0x41600042c size=4 mask=0x70000fff value=0x5a0
TTY> tunable: apcie-axi2af-tunables[46] done
TTY> tunable: apcie-axi2af-tunables[47] addr=0x416000430 size=4 mask=0x70000fff value=0x5a0
TTY> tunable: apcie-axi2af-tunables[47] done
TTY> tunable: apcie-axi2af-tunables[48] addr=0x416000434 size=4 mask=0x70000fff value=0x5a0
TTY> tunable: apcie-axi2af-tunables[48] done
TTY> tunable: apcie-axi2af-tunables[49] addr=0x416000438 size=4 mask=0x70000fff value=0x5a0
TTY> tunable: apcie-axi2af-tunables[49] done
TTY> tunable: apcie-axi2af-tunables[50] addr=0x41600043c size=4 mask=0x70000fff value=0x5a0
TTY> tunable: apcie-axi2af-tunables[50] done
TTY> tunable: apcie-axi2af-tunables[51] addr=0x416000440 size=4 mask=0x70000fff value=0x5a0
TTY> tunable: apcie-axi2af-tunables[51] done
TTY> tunable: apcie-axi2af-tunables[52] addr=0x416000444 size=4 mask=0x70000fff value=0x5a0
TTY> tunable: apcie-axi2af-tunables[52] done
TTY> tunable: apcie-axi2af-tunables[53] addr=0x416000948 size=4 mask=0x7ff07ff value=0x200000
TTY> tunable: apcie-axi2af-tunables[53] done
TTY> tunable: apcie-axi2af-tunables[54] addr=0x416000a48 size=4 mask=0x7ff07ff value=0xa0100
TTY> tunable: apcie-axi2af-tunables[54] done
TTY> tunable: apcie-axi2af-tunables[55] addr=0x416000b48 size=4 mask=0x7ff07ff value=0x800080
TTY> tunable: apcie-axi2af-tunables[55] done
TTY> tunable: apcie-axi2af-tunables[56] addr=0x416000e00 size=4 mask=0xffffffff value=0x7fffffff
TTY> tunable: apcie-axi2af-tunables[56] done
TTY> tunable: apcie-axi2af-tunables[57] addr=0x416004008 size=4 mask=0x1 value=0x1
TTY> tunable: apcie-axi2af-tunables[57] done
TTY> tunable: apcie-axi2af-tunables[58] addr=0x41600400c size=4 mask=0x1 value=0x1
TTY> tunable: apcie-axi2af-tunables[58] done
TTY> tunable: apcie-axi2af-tunables[59] addr=0x416004014 size=4 mask=0x1 value=0x0
TTY> tunable: apcie-axi2af-tunables[59] done
TTY> tunable: apcie-axi2af-tunables[60] addr=0x416004018 size=4 mask=0x1 value=0x0
TTY> tunable: apcie-axi2af-tunables[60] done
TTY> tunable: apcie-axi2af-tunables[61] addr=0x41600401c size=4 mask=0x1 value=0x1
TTY> tunable: apcie-axi2af-tunables[61] done
TTY> tunable: apcie-axi2af-tunables[62] addr=0x4160010f8 size=4 mask=0x1 value=0x1
TTY> tunable: apcie-axi2af-tunables[62] done
TTY> tunable: apcie-axi2af-tunables[63] addr=0x4160011f8 size=4 mask=0x1 value=0x1
TTY> tunable: apcie-axi2af-tunables[63] done
TTY> tunable: apcie-axi2af-tunables[64] addr=0x4160012f8 size=4 mask=0x1 value=0x1
TTY> tunable: apcie-axi2af-tunables[64] done
TTY> tunable: apcie-axi2af-tunables[65] addr=0x4160013f8 size=4 mask=0x1 value=0x1
TTY> tunable: apcie-axi2af-tunables[65] done
TTY> tunable: apcie-axi2af-tunables[66] addr=0x4160014f8 size=4 mask=0x1 value=0x1
TTY> tunable: apcie-axi2af-tunables[66] done
TTY> tunable: apcie-axi2af-tunables[67] addr=0x4160010fc size=4 mask=0x1 value=0x1
TTY> tunable: apcie-axi2af-tunables[67] done
TTY> tunable: apcie-axi2af-tunables[68] addr=0x4160011fc size=4 mask=0x1 value=0x1
TTY> tunable: apcie-axi2af-tunables[68] done
TTY> tunable: apcie-axi2af-tunables[69] addr=0x4160012fc size=4 mask=0x1 value=0x1
TTY> tunable: apcie-axi2af-tunables[69] done
TTY> tunable: apcie-axi2af-tunables[70] addr=0x4160013fc size=4 mask=0x1 value=0x1
TTY> tunable: apcie-axi2af-tunables[70] done
TTY> +Exception: SError
TTY> +Exception taken from EL2h
TTY> +Running in EL2
TTY> +MPIDR: 0x80010100
TTY> +Registers: (@0x10004a3f680)
TTY> +  x0-x3: 00000105ce7a4000 0000010004a3f9b8 0000000000000000 0000000000000000
TTY> +  x4-x7: 0000000000000000 0000000000008c00 0000000000000000 0000000000000000
TTY> + x8-x11: 00000105ce7a4012 000000000000000a 0000000000004000 0000000000000bd0
TTY> +x12-x15: 0000000000000010 0000000000000004 00000100049f5380 0000000000008c00
TTY> +x16-x19: 000000000000001e 00000100050cc010 000000003fc00000 0000000000000012
TTY> +x20-x23: 0000000000000016 0000010004a0f5c0 0000000000000012 0000000000000000
TTY> +x24-x27: 0000010004a0d3d0 0000010004a0d3c8 0000010004a0d438 000000000000000c
TTY> +x28-x30: 0000010004a04dd8 0000010004a3f880 000001000494d6f4
TTY> +PC:       0x1000495f140 (rel: 0x2b140)
TTY> +SP:       0x10004a3f780
TTY> +SPSR:     0x600000c9
TTY> +FAR:      0x0
TTY> +ESR:      0xbe000000 (SError)
TTY> +L2C_ERR_STS: 0x82
TTY> +L2C_ERR_ADR: 0x3600905ce7a8000
TTY> +L2C_ERR_INF: 0x1000000001
TTY> +LSU_ERR_STS: 0x0
TTY> +FED_ERR_STS: 0x0
TTY> +MMU_ERR_STS: 0x0
TTY> +Unhandled exception, rebooting...
