# T6040 DockChannel-UART TX-only counter diagnostic
# Run: 2026-07-14
# Exact artifacts and approved measurement boundary:
#   done/2026-07-14-t6040-dockchannel-irq-tx-report.md
#
# The unique instruction banner appeared. Six seconds after its final line,
# the host injected exactly one approved line:
#   IRQ_BIT1_PROBE\n
# No further UART output appeared during 35 seconds of capture. The transcript
# remained 544 bytes. The image was not retried. A sanctioned DebugUSB reboot
# restored a fresh m1n1 proxy.

Preparing to run next stage at 0x10010e00000...
USB0: shutdown
USB1: shutdown
USB2: shutdown
MMU: shutting down...
MMU: shutdown successful, clearing caches
Vectoring to next stage...

*** t6040 DockChannel IRQ TX-only counter diagnostic ***
Linux (none) 7.2.0-rc2-ga24d55896396-dirty #2 SMP PREEMPT Tue Jul 14 12:11:01 UTC 2026 aarch64 GNU/Linux
[irq-report] UART TX=BIT(2), RX=BIT(1), storm limit=4096
[irq-report] baseline in 5 seconds; then a silent 10-second window
[irq-report] wait 6 seconds, then send exactly: IRQ_BIT1_PROBE<LF>
